<?xml version="1.0" encoding="UTF-8"?>
<testng-results ignored="0" total="4" passed="4" failed="0" skipped="0">
  <reporter-output>
    <line>
      <![CDATA[Open Dev Crediverso web page]]>
    </line>
    <line>
      <![CDATA[Open Dev Crediverso web page]]>
    </line>
  </reporter-output>
  <suite started-at="2022-03-14T16:20:56 CST" name="example page object model" finished-at="2022-03-14T16:21:50 CST" duration-ms="54395">
    <groups>
      <group name="SmokeTest">
        <method signature="CrediveroDemo2.Test2()[pri:0, instance:com.google.CrediveroDemo2@ffaa6af]" name="Test2" class="com.google.CrediveroDemo2"/>
        <method signature="CrediveroDemo2.Test3()[pri:0, instance:com.google.CrediveroDemo2@ffaa6af]" name="Test3" class="com.google.CrediveroDemo2"/>
      </group> <!-- SmokeTest -->
      <group name="functest">
        <method signature="CrediveroDemo2.Test3()[pri:0, instance:com.google.CrediveroDemo2@ffaa6af]" name="Test3" class="com.google.CrediveroDemo2"/>
        <method signature="CrediveroDemo2.f()[pri:0, instance:com.google.CrediveroDemo2@ffaa6af]" name="f" class="com.google.CrediveroDemo2"/>
      </group> <!-- functest -->
    </groups>
    <test started-at="2022-03-14T16:20:56 CST" name="Regression suite 1" finished-at="2022-03-14T16:21:50 CST" duration-ms="54395">
      <class name="com.google.CrediveroDemo">
        <test-method is-config="true" signature="beforeTest()[pri:0, instance:com.google.CrediveroDemo@2805d709]" started-at="2022-03-14T16:20:56 CST" name="beforeTest" finished-at="2022-03-14T16:21:09 CST" duration-ms="12652" status="PASS">
          <reporter-output>
            <line>
              <![CDATA[Open Dev Crediverso web page]]>
            </line>
          </reporter-output>
        </test-method> <!-- beforeTest -->
        <test-method signature="PrincipalTest()[pri:0, instance:com.google.CrediveroDemo@2805d709]" started-at="2022-03-14T16:21:12 CST" name="PrincipalTest" finished-at="2022-03-14T16:21:18 CST" duration-ms="6530" status="PASS">
          <reporter-output>
          </reporter-output>
        </test-method> <!-- PrincipalTest -->
        <test-method is-config="true" signature="afterTest()[pri:0, instance:com.google.CrediveroDemo@2805d709]" started-at="2022-03-14T16:21:49 CST" name="afterTest" finished-at="2022-03-14T16:21:50 CST" duration-ms="582" status="PASS">
          <reporter-output>
          </reporter-output>
        </test-method> <!-- afterTest -->
      </class> <!-- com.google.CrediveroDemo -->
      <class name="com.google.CrediveroDemo2">
        <test-method is-config="true" signature="beforeTest()[pri:0, instance:com.google.CrediveroDemo2@ffaa6af]" started-at="2022-03-14T16:21:09 CST" name="beforeTest" finished-at="2022-03-14T16:21:11 CST" duration-ms="2870" status="PASS">
          <reporter-output>
            <line>
              <![CDATA[Open Dev Crediverso web page]]>
            </line>
          </reporter-output>
        </test-method> <!-- beforeTest -->
        <test-method signature="Test2()[pri:0, instance:com.google.CrediveroDemo2@ffaa6af]" started-at="2022-03-14T16:21:18 CST" name="Test2" finished-at="2022-03-14T16:21:33 CST" duration-ms="15110" status="PASS">
          <reporter-output>
          </reporter-output>
        </test-method> <!-- Test2 -->
        <test-method signature="Test3()[pri:0, instance:com.google.CrediveroDemo2@ffaa6af]" started-at="2022-03-14T16:21:33 CST" name="Test3" finished-at="2022-03-14T16:21:41 CST" duration-ms="7534" status="PASS">
          <reporter-output>
          </reporter-output>
        </test-method> <!-- Test3 -->
        <test-method signature="f()[pri:0, instance:com.google.CrediveroDemo2@ffaa6af]" started-at="2022-03-14T16:21:41 CST" name="f" finished-at="2022-03-14T16:21:49 CST" duration-ms="8396" status="PASS">
          <reporter-output>
          </reporter-output>
        </test-method> <!-- f -->
        <test-method is-config="true" signature="afterTest()[pri:0, instance:com.google.CrediveroDemo2@ffaa6af]" started-at="2022-03-14T16:21:50 CST" name="afterTest" finished-at="2022-03-14T16:21:50 CST" duration-ms="538" status="PASS">
          <reporter-output>
          </reporter-output>
        </test-method> <!-- afterTest -->
      </class> <!-- com.google.CrediveroDemo2 -->
    </test> <!-- Regression suite 1 -->
  </suite> <!-- example page object model -->
</testng-results>
