<?xml version="1.0" encoding="UTF-8"?>
<!-- Generated by org.testng.reporters.JUnitXMLReporter -->
<testsuite ignored="0" hostname="DESKTOP-V185R8G" failures="0" tests="3" name="Default test" time="35.873" errors="0" timestamp="2022-03-04T14:40:28 CST">
  <testcase classname="com.google.CrediveroDemo2" name="Test2" time="18.345"/>
  <testcase classname="com.google.CrediveroDemo2" name="Test3" time="7.47"/>
  <testcase classname="com.google.CrediveroDemo2" name="f" time="6.004"/>
</testsuite> <!-- Default test -->
