<?xml version="1.0" encoding="UTF-8"?>
<!-- Generated by org.testng.reporters.JUnitXMLReporter -->
<testsuite ignored="0" hostname="DESKTOP-V185R8G" failures="0" tests="4" name="Regression suite 1" time="54.395" errors="0" timestamp="2022-03-14T16:21:50 CST">
  <testcase classname="com.google.CrediveroDemo" name="PrincipalTest" time="6.53"/>
  <testcase classname="com.google.CrediveroDemo2" name="Test2" time="15.11"/>
  <testcase classname="com.google.CrediveroDemo2" name="Test3" time="7.534"/>
  <testcase classname="com.google.CrediveroDemo2" name="f" time="8.396"/>
</testsuite> <!-- Regression suite 1 -->
